\BOOKMARK [1][-]{section.1}{Project 1 - code}{}% 1
\BOOKMARK [2][-]{subsection.1.1}{A whole heap of setup}{section.1}% 2
\BOOKMARK [3][-]{subsubsection.1.1.1}{Imports}{subsection.1.1}% 3
\BOOKMARK [3][-]{subsubsection.1.1.2}{The Franke Function}{subsection.1.1}% 4
\BOOKMARK [3][-]{subsubsection.1.1.3}{Regression methods}{subsection.1.1}% 5
\BOOKMARK [3][-]{subsubsection.1.1.4}{Test of regression functions}{subsection.1.1}% 6
\BOOKMARK [3][-]{subsubsection.1.1.5}{Cross validation}{subsection.1.1}% 7
\BOOKMARK [3][-]{subsubsection.1.1.6}{Statitistics functions}{subsection.1.1}% 8
\BOOKMARK [3][-]{subsubsection.1.1.7}{Statistics functions test}{subsection.1.1}% 9
\BOOKMARK [3][-]{subsubsection.1.1.8}{BV estimate and confidence intervals}{subsection.1.1}% 10
\BOOKMARK [2][-]{subsection.1.2}{Acutally working with the models or solving parts a,b, c}{section.1}% 11
\BOOKMARK [3][-]{subsubsection.1.2.1}{Data for all our test}{subsection.1.2}% 12
\BOOKMARK [3][-]{subsubsection.1.2.2}{A, OLS}{subsection.1.2}% 13
\BOOKMARK [3][-]{subsubsection.1.2.3}{A - a plot}{subsection.1.2}% 14
\BOOKMARK [3][-]{subsubsection.1.2.4}{B, ridge regression - model selection}{subsection.1.2}% 15
\BOOKMARK [3][-]{subsubsection.1.2.5}{B - working with chosen model}{subsection.1.2}% 16
\BOOKMARK [3][-]{subsubsection.1.2.6}{B - the plot}{subsection.1.2}% 17
\BOOKMARK [3][-]{subsubsection.1.2.7}{C, lasso regression - model selection}{subsection.1.2}% 18
\BOOKMARK [3][-]{subsubsection.1.2.8}{C - working with chosen model}{subsection.1.2}% 19
\BOOKMARK [3][-]{subsubsection.1.2.9}{C - the plot}{subsection.1.2}% 20
\BOOKMARK [2][-]{subsection.1.3}{Parts d and e}{section.1}% 21
\BOOKMARK [3][-]{subsubsection.1.3.1}{Loading Tarain data \(part d\)}{subsection.1.3}% 22
\BOOKMARK [2][-]{subsection.1.4}{Terrain analysis \(part e\) - model selection}{section.1}% 23
\BOOKMARK [3][-]{subsubsection.1.4.1}{Working with chosen model}{subsection.1.4}% 24
\BOOKMARK [3][-]{subsubsection.1.4.2}{ploting terrain}{subsection.1.4}% 25
